<?xml version="1.0" encoding="UTF-8"?>
<testsuite name="domains.NotaTest" tests="12" skipped="0" failures="0" errors="0" timestamp="2020-03-27T18:35:38" hostname="DESKTOP-Q3PLP2F" time="0.006">
  <properties/>
  <testcase name="getData" classname="domains.NotaTest" time="0.0"/>
  <testcase name="getNota" classname="domains.NotaTest" time="0.0"/>
  <testcase name="getStID" classname="domains.NotaTest" time="0.0"/>
  <testcase name="setTemaID" classname="domains.NotaTest" time="0.001"/>
  <testcase name="getTemaID" classname="domains.NotaTest" time="0.0"/>
  <testcase name="setProfesor" classname="domains.NotaTest" time="0.0"/>
  <testcase name="getProfesor" classname="domains.NotaTest" time="0.001"/>
  <testcase name="setFeedback" classname="domains.NotaTest" time="0.0"/>
  <testcase name="getFeedback" classname="domains.NotaTest" time="0.001"/>
  <testcase name="setData" classname="domains.NotaTest" time="0.0"/>
  <testcase name="setNota" classname="domains.NotaTest" time="0.0"/>
  <testcase name="setStID" classname="domains.NotaTest" time="0.0"/>
  <system-out><![CDATA[]]></system-out>
  <system-err><![CDATA[]]></system-err>
</testsuite>
