<?xml version="1.0" encoding="UTF-8"?>
<testsuite name="repository.StudentXMLFileRepositoryTest" tests="4" skipped="0" failures="0" errors="0" timestamp="2020-03-27T18:35:38" hostname="DESKTOP-Q3PLP2F" time="1.039">
  <properties/>
  <testcase name="delete" classname="repository.StudentXMLFileRepositoryTest" time="1.007"/>
  <testcase name="findAll" classname="repository.StudentXMLFileRepositoryTest" time="0.005"/>
  <testcase name="findOne" classname="repository.StudentXMLFileRepositoryTest" time="0.0"/>
  <testcase name="update" classname="repository.StudentXMLFileRepositoryTest" time="0.008"/>
  <system-out><![CDATA[]]></system-out>
  <system-err><![CDATA[]]></system-err>
</testsuite>
