<?xml version="1.0" encoding="UTF-8"?>
<testsuite name="validators.ValidareTemaTest" tests="1" skipped="0" failures="0" errors="0" timestamp="2020-03-27T18:35:39" hostname="DESKTOP-Q3PLP2F" time="0.0">
  <properties/>
  <testcase name="validate" classname="validators.ValidareTemaTest" time="0.0"/>
  <system-out><![CDATA[]]></system-out>
  <system-err><![CDATA[]]></system-err>
</testsuite>
